<?xml version="1.0" encoding="UTF-8"?>
<!-- Generated by org.testng.reporters.JUnitReportReporter -->
<testsuite hostname="ACER" failures="0" tests="1" name="baselibrary.BaseLibrary" time="1.496" errors="0" timestamp="2025-08-28T10:41:41 IST" skipped="0">
  <testcase classname="baselibrary.BaseLibrary" name="launch" time="1.496"/>
</testsuite> <!-- baselibrary.BaseLibrary -->
